PS C:\Users\marce\OneDrive\2025\Boteco Pro 1\Frontend\v1.0\boteco_p_r_o_v_0> flutter run -d chrome
Launching lib\main.dart on Chrome in debug mode...
Waiting for connection from debug service on Chrome...            102,4s
This app is linked to the debug service: ws://127.0.0.1:52299/jCBgGDsb0fM=/ws
Debug service listening on ws://127.0.0.1:52299/jCBgGDsb0fM=/ws

  To hot restart changes while running, press "r" or "R".
For a more detailed help message, press "h". To quit, press "q".

A Dart VM Service on Chrome is available at: http://127.0.0.1:52299/jCBgGDsb0fM=
A message on the flutter/lifecycle channel was discarded before it could be handled.
This happens when a plugin sends messages to the framework side before the framework has had an opportunity to register a listener. See the ChannelBuffers API documentation for details on how to configure the channel to expect
more messages, or to expect messages to get discarded:
  https://api.flutter.dev/flutter/dart-ui/ChannelBuffers-class.html
A message on the flutter/lifecycle channel was discarded before it could be handled.
This happens when a plugin sends messages to the framework side before the framework has had an opportunity to register a listener. See the ChannelBuffers API documentation for details on how to configure the channel to expect
more messages, or to expect messages to get discarded:
  https://api.flutter.dev/flutter/dart-ui/ChannelBuffers-class.html
A message on the flutter/lifecycle channel was discarded before it could be handled.
This happens when a plugin sends messages to the framework side before the framework has had an opportunity to register a listener. See the ChannelBuffers API documentation for details on how to configure the channel to expect
more messages, or to expect messages to get discarded:
  https://api.flutter.dev/flutter/dart-ui/ChannelBuffers-class.html
The Flutter DevTools debugger and profiler on Chrome is available at: http://127.0.0.1:9102?uri=http://127.0.0.1:52299/jCBgGDsb0fM=
Failed to exit Chromium (pid: 6280) using SIGTERM. Will try sending SIGKILL instead.
Application finished.
PS C:\Users\marce\OneDrive\2025\Boteco Pro 1\Frontend\v1.0\boteco_p_r_o_v_0> flutter build -h
Build an executable app or install bundle.

Global options:
-h, --help                  Print this usage information.
-v, --verbose               Noisy logging, including all shell commands executed.
                            If used with "--help", shows hidden options. If used with "flutter doctor", shows additional diagnostic information. (Use "-vv" to force verbose logging in those cases.)
-d, --device-id             Target device id or name (prefixes allowed).
    --version               Reports the version of this tool.
    --enable-analytics      Enable telemetry reporting each time a flutter or dart command runs.
    --disable-analytics     Disable telemetry reporting each time a flutter or dart command runs, until it is re-enabled.
    --suppress-analytics    Suppress analytics reporting for the current CLI invocation.

Usage: flutter build <subcommand> [arguments]
-h, --help    Print this usage information.

Available subcommands:
  aar         Build a repository containing an AAR and a POM file.
  apk         Build an Android APK file from your app.
  appbundle   Build an Android App Bundle file from your app.
  bundle      Build the Flutter assets directory from your app.
  web         Build a web application bundle.
  windows     Build a Windows desktop application.

Run "flutter help" to see global options.
PS C:\Users\marce\OneDrive\2025\Boteco Pro 1\Frontend\v1.0\boteco_p_r_o_v_0> flutter build apk

Warning: package.xml parsing problem. unexpected element (uri:"", local:"abis"). Expected elements are <{}vendor>,<{}codename>,<{}base-extension>,<{}abi>,<{}api-level>,<{}extension-level>,<{}tag>
Warning: package.xml parsing problem. unexpected element (uri:"", local:"translatedAbis"). Expected elements are <{}vendor>,<{}codename>,<{}base-extension>,<{}abi>,<{}api-level>,<{}extension-level>,<{}tag>
Warning: package.xml parsing problem. unexpected element (uri:"", local:"abis"). Expected elements are <{}vendor>,<{}codename>,<{}base-extension>,<{}abi>,<{}api-level>,<{}extension-level>,<{}tag>
Warning: package.xml parsing problem. unexpected element (uri:"", local:"translatedAbis"). Expected elements are <{}vendor>,<{}codename>,<{}base-extension>,<{}abi>,<{}api-level>,<{}extension-level>,<{}tag>
Checking the license for package NDK (Side by side) 26.3.11579264 in C:\Users\marce\AppData\Local\Android\sdk\licenses
License for package NDK (Side by side) 26.3.11579264 accepted.
Preparing "Install NDK (Side by side) 26.3.11579264 v.26.3.11579264".
"Install NDK (Side by side) 26.3.11579264 v.26.3.11579264" ready.
Installing NDK (Side by side) 26.3.11579264 in C:\Users\marce\AppData\Local\Android\sdk\ndk\26.3.11579264
"Install NDK (Side by side) 26.3.11579264 v.26.3.11579264" complete.
"Install NDK (Side by side) 26.3.11579264 v.26.3.11579264" finished.
Warning: package.xml parsing problem. unexpected element (uri:"", local:"abis"). Expected elements are <{}vendor>,<{}codename>,<{}base-extension>,<{}abi>,<{}api-level>,<{}extension-level>,<{}tag>
Warning: package.xml parsing problem. unexpected element (uri:"", local:"translatedAbis"). Expected elements are <{}vendor>,<{}codename>,<{}base-extension>,<{}abi>,<{}api-level>,<{}extension-level>,<{}tag>
Checking the license for package Android SDK Build-Tools 33.0.1 in C:\Users\marce\AppData\Local\Android\sdk\licenses
License for package Android SDK Build-Tools 33.0.1 accepted.
Preparing "Install Android SDK Build-Tools 33.0.1 v.33.0.1".
"Install Android SDK Build-Tools 33.0.1 v.33.0.1" ready.
Installing Android SDK Build-Tools 33.0.1 in C:\Users\marce\AppData\Local\Android\sdk\build-tools\33.0.1
"Install Android SDK Build-Tools 33.0.1 v.33.0.1" complete.
"Install Android SDK Build-Tools 33.0.1 v.33.0.1" finished.
Checking the license for package Android SDK Platform 34 in C:\Users\marce\AppData\Local\Android\sdk\licenses
License for package Android SDK Platform 34 accepted.
Preparing "Install Android SDK Platform 34 (revision 3)".
"Install Android SDK Platform 34 (revision 3)" ready.
Installing Android SDK Platform 34 in C:\Users\marce\AppData\Local\Android\sdk\platforms\android-34
"Install Android SDK Platform 34 (revision 3)" complete.
"Install Android SDK Platform 34 (revision 3)" finished.
Font asset "MaterialIcons-Regular.otf" was tree-shaken, reducing it from 1645184 to 8060 bytes (99.5% reduction). Tree-shaking can be disabled by providing the --no-tree-shake-icons flag when building your app.
warning: [options] source value 8 is obsolete and will be removed in a future release
warning: [options] target value 8 is obsolete and will be removed in a future release
warning: [options] To suppress warnings about obsolete options, use -Xlint:-options.
3 warnings

FAILURE: Build failed with an exception.

* What went wrong:
Execution failed for task ':shared_preferences_android:compileReleaseJavaWithJavac'.
> Could not resolve all files for configuration ':shared_preferences_android:androidJdkImage'.
   > Failed to transform core-for-system-modules.jar to match attributes {artifactType=_internal_android_jdk_image, org.gradle.libraryelements=jar, org.gradle.usage=java-runtime}.
      > Execution failed for JdkImageTransform: C:\Users\marce\AppData\Local\Android\sdk\platforms\android-34\core-for-system-modules.jar.
         > Error while executing process C:\Program Files\Android\Android Studio\jbr\bin\jlink.exe with arguments {--module-path C:\Users\marce\.gradle\caches\transforms-3\8b0dcf35e49205221cae06f747070ff9\transformed\output\temp\jmod --add-modules java.base --output C:\Users\marce\.gradle\caches\transforms-3\8b0dcf35e49205221cae06f747070ff9\transformed\output\jdkImage --disable-plugin system-modules}

* Try:
> Run with --stacktrace option to get the stack trace.
> Run with --info or --debug option to get more log output.
> Run with --scan to get full insights.
> Get more help at https://help.gradle.org.

BUILD FAILED in 41m 37s
Running Gradle task 'assembleRelease'...                         2507,9s

┌─ Flutter Fix ─────────────────────────────────────────────────────────────────────────────────────────────────────────────────────────┐
│ [!] This is likely due to a known bug in Android Gradle Plugin (AGP) versions less than 8.2.1, when                                   │
│   1. setting a value for SourceCompatibility and                                                                                      │
│   2. using Java 21 or above.                                                                                                          │
│ To fix this error, please upgrade your AGP version to at least 8.2.1. The version of AGP that your project uses is likely defined in: │
│ C:\Users\marce\OneDrive\2025\Boteco Pro 1\Frontend\v1.0\boteco_p_r_o_v_0\android\settings.gradle,                                     │
│ in the 'plugins' closure (by the number following "com.android.application").                                                         │
│  Alternatively, if your project was created with an older version of the templates, it is likely                                      │
│ in the buildscript.dependencies closure of the top-level build.gradle:                                                                │
│ C:\Users\marce\OneDrive\2025\Boteco Pro 1\Frontend\v1.0\boteco_p_r_o_v_0\android\build.gradle,                                        │
│ as the number following "com.android.tools.build:gradle:".                                                                            │
│                                                                                                                                       │
│ For more information, see:                                                                                                            │
│ https://issuetracker.google.com/issues/294137077                                                                                      │
│ https://github.com/flutter/flutter/issues/156304                                                                                      │
└───────────────────────────────────────────────────────────────────────────────────────────────────────────────────────────────────────┘
Gradle task assembleRelease failed with exit code 1
PS C:\Users\marce\OneDrive\2025\Boteco Pro 1\Frontend\v1.0\boteco_p_r_o_v_0>
